build/outputs/logs/manifest-merger-debug-report.txt
-- Merging decision tree log ---
manifest
ADDED from myApps/ofxHandTrack/AndroidManifest.xml:2:1-31:12
	package
		ADDED from myApps/ofxHandTrack/AndroidManifest.xml:3:5-45
	android:versionName
		ADDED from myApps/ofxHandTrack/AndroidManifest.xml:5:5-30
	android:versionCode
		ADDED from myApps/ofxHandTrack/AndroidManifest.xml:4:5-28
		INJECTED from myApps/ofxHandTrack/AndroidManifest.xml
		INJECTED from myApps/ofxHandTrack/AndroidManifest.xml
	xmlns:android
		ADDED from myApps/ofxHandTrack/AndroidManifest.xml:2:11-69
	android:installLocation
		ADDED from myApps/ofxHandTrack/AndroidManifest.xml:6:5-45
uses-sdk
ADDED from myApps/ofxHandTrack/AndroidManifest.xml:8:5-10:41
MERGED from [ofxHandTrack:ofAndroidLib:unspecified] AndroidManifest.xml:7:5-9:41
	android:targetSdkVersion
		ADDED from myApps/ofxHandTrack/AndroidManifest.xml:10:9-38
		INJECTED from myApps/ofxHandTrack/AndroidManifest.xml
		INJECTED from myApps/ofxHandTrack/AndroidManifest.xml
	android:minSdkVersion
		ADDED from myApps/ofxHandTrack/AndroidManifest.xml:9:9-34
		INJECTED from myApps/ofxHandTrack/AndroidManifest.xml
		INJECTED from myApps/ofxHandTrack/AndroidManifest.xml
uses-permission#android.permission.CAMERA
ADDED from myApps/ofxHandTrack/AndroidManifest.xml:12:5-81
	android:name
		ADDED from myApps/ofxHandTrack/AndroidManifest.xml:12:22-62
uses-permission#android.permission.WRITE_EXTERNAL_STORAGE
ADDED from myApps/ofxHandTrack/AndroidManifest.xml:13:5-97
	android:name
		ADDED from myApps/ofxHandTrack/AndroidManifest.xml:13:22-78
application
ADDED from myApps/ofxHandTrack/AndroidManifest.xml:15:5-29:19
	android:label
		ADDED from myApps/ofxHandTrack/AndroidManifest.xml:18:9-41
	android:allowBackup
		ADDED from myApps/ofxHandTrack/AndroidManifest.xml:16:9-35
	android:icon
		ADDED from myApps/ofxHandTrack/AndroidManifest.xml:17:9-45
	android:theme
		ADDED from myApps/ofxHandTrack/AndroidManifest.xml:19:9-40
activity#cc.openframeworks.ofxHandTrack.OFActivity
ADDED from myApps/ofxHandTrack/AndroidManifest.xml:20:9-28:20
	android:label
		ADDED from myApps/ofxHandTrack/AndroidManifest.xml:22:13-45
	android:configChanges
		ADDED from myApps/ofxHandTrack/AndroidManifest.xml:22:47-93
	android:name
		ADDED from myApps/ofxHandTrack/AndroidManifest.xml:21:13-39
intent-filter#android.intent.action.MAIN+android.intent.category.LAUNCHER
ADDED from myApps/ofxHandTrack/AndroidManifest.xml:23:13-27:29
action#android.intent.action.MAIN
ADDED from myApps/ofxHandTrack/AndroidManifest.xml:24:17-69
	android:name
		ADDED from myApps/ofxHandTrack/AndroidManifest.xml:24:25-66
category#android.intent.category.LAUNCHER
ADDED from myApps/ofxHandTrack/AndroidManifest.xml:26:17-77
	android:name
		ADDED from myApps/ofxHandTrack/AndroidManifest.xml:26:27-74